<?xml version="1.0" encoding="UTF-8"?>
<testng-results ignored="0" total="1" passed="1" failed="0" skipped="0">
  <reporter-output>
  </reporter-output>
  <suite started-at="2023-07-31T17:14:19 IST" name="Default suite" finished-at="2023-07-31T17:14:24 IST" duration-ms="4631">
    <groups>
    </groups>
    <test started-at="2023-07-31T17:14:19 IST" name="Default test" finished-at="2023-07-31T17:14:24 IST" duration-ms="4631">
      <class name="org.restapi.restapitesting.DataProvdr">
        <test-method signature="showData()[pri:0, instance:org.restapi.restapitesting.DataProvdr@413f69cc]" started-at="2023-07-31T17:14:19 IST" name="showData" finished-at="2023-07-31T17:14:24 IST" duration-ms="4495" status="PASS">
          <reporter-output>
          </reporter-output>
        </test-method> <!-- showData -->
        <test-method is-config="true" signature="tearDown(org.testng.ITestResult)[pri:0, instance:org.restapi.restapitesting.DataProvdr@413f69cc]" started-at="2023-07-31T17:14:24 IST" name="tearDown" finished-at="2023-07-31T17:14:24 IST" duration-ms="5" status="PASS">
          <params>
            <param index="0">
              <value>
                <![CDATA[[TestResult name=showData status=SUCCESS method=DataProvdr.showData()[pri:0, instance:org.restapi.restapitesting.DataProvdr@413f69cc] output={null}]]]>
              </value>
            </param>
          </params>
          <reporter-output>
          </reporter-output>
        </test-method> <!-- tearDown -->
      </class> <!-- org.restapi.restapitesting.DataProvdr -->
    </test> <!-- Default test -->
  </suite> <!-- Default suite -->
</testng-results>
